<?xml version="1.0" encoding="UTF-8"?>
<testng-results ignored="0" total="0" passed="0" failed="0" skipped="0">
  <reporter-output>
  </reporter-output>
  <suite started-at="2024-12-12T17:49:07 IST" name="Suite" finished-at="2024-12-12T17:49:07 IST" duration-ms="11">
    <groups>
    </groups>
    <test started-at="2024-12-12T17:49:07 IST" name="chromeTest" finished-at="2024-12-12T17:49:07 IST" duration-ms="11">
    </test> <!-- chromeTest -->
    <test started-at="2024-12-12T17:49:07 IST" name="FirefoxTest" finished-at="2024-12-12T17:49:07 IST" duration-ms="11">
    </test> <!-- FirefoxTest -->
  </suite> <!-- Suite -->
</testng-results>
