<?xml version="1.0" encoding="UTF-8"?>
<testng-results ignored="0" total="0" passed="0" failed="0" skipped="0">
  <reporter-output>
  </reporter-output>
  <suite started-at="2024-12-12T17:45:00 IST" name="Suite" finished-at="2024-12-12T17:45:00 IST" duration-ms="14">
    <groups>
    </groups>
    <test started-at="2024-12-12T17:45:00 IST" name="FirefoxTest" finished-at="2024-12-12T17:45:00 IST" duration-ms="14">
    </test> <!-- FirefoxTest -->
    <test started-at="2024-12-12T17:45:00 IST" name="chromeTest" finished-at="2024-12-12T17:45:00 IST" duration-ms="14">
    </test> <!-- chromeTest -->
  </suite> <!-- Suite -->
</testng-results>
